<?xml version="1.0" encoding="UTF-8"?>
<testsuite name="communication.ServerTest" tests="1" skipped="0" failures="0" errors="0" timestamp="2021-06-16T23:26:01" hostname="MSI" time="0.186">
  <properties/>
  <testcase name="connectClient()" classname="communication.ServerTest" time="0.186"/>
  <system-out><![CDATA[TESTCLIENT:
 Connection opened successfully to: /127.0.0.1:1119
TestClient: {"runningGame":false,"messageType":"HELLO_CLIENT","optionals":""}
]]></system-out>
  <system-err><![CDATA[SLF4J: Failed to load class "org.slf4j.impl.StaticLoggerBinder".
SLF4J: Defaulting to no-operation (NOP) logger implementation
SLF4J: See http://www.slf4j.org/codes.html#StaticLoggerBinder for further details.
]]></system-err>
</testsuite>
